05-Mar-2025 10:36:49.141 INFO [Thread-1] org.apache.coyote.AbstractProtocol.pause Le gestionnaire de protocole ["http-nio-8080"] est mis en pause
05-Mar-2025 10:36:49.147 INFO [Thread-1] org.apache.catalina.core.StandardService.stopInternal Arrêt du service [Catalina]
05-Mar-2025 10:36:49.177 INFO [Thread-1] org.apache.coyote.AbstractProtocol.stop Arrêt du gestionnaire de protocole ["http-nio-8080"]
05-Mar-2025 10:36:49.189 INFO [Thread-1] org.apache.coyote.AbstractProtocol.destroy Destruction du gestionnaire de protocole ["http-nio-8080"]
05-Mar-2025 15:50:39.300 INFO [main] org.apache.catalina.startup.VersionLoggerListener.log Nom version serveur :              Apache Tomcat/9.0.99
05-Mar-2025 15:50:39.304 INFO [main] org.apache.catalina.startup.VersionLoggerListener.log Serveur compilé :                  Feb 4 2025 20:08:08 UTC
05-Mar-2025 15:50:39.305 INFO [main] org.apache.catalina.startup.VersionLoggerListener.log Version du serveur :               9.0.99.0
05-Mar-2025 15:50:39.305 INFO [main] org.apache.catalina.startup.VersionLoggerListener.log Nom de l'OS :                      Windows 11
05-Mar-2025 15:50:39.305 INFO [main] org.apache.catalina.startup.VersionLoggerListener.log Version OS :                       10.0
05-Mar-2025 15:50:39.305 INFO [main] org.apache.catalina.startup.VersionLoggerListener.log Architecture :                     amd64
05-Mar-2025 15:50:39.305 INFO [main] org.apache.catalina.startup.VersionLoggerListener.log Java Home :                        C:\Users\enaa-\.jdks\openjdk-23.0.2
05-Mar-2025 15:50:39.306 INFO [main] org.apache.catalina.startup.VersionLoggerListener.log Version JVM :                      23.0.2+7-58
05-Mar-2025 15:50:39.306 INFO [main] org.apache.catalina.startup.VersionLoggerListener.log Fournisseur de la JVM :            Oracle Corporation
05-Mar-2025 15:50:39.306 INFO [main] org.apache.catalina.startup.VersionLoggerListener.log CATALINA_BASE :                    C:\Users\enaa-\Desktop\JobConnect
05-Mar-2025 15:50:39.306 INFO [main] org.apache.catalina.startup.VersionLoggerListener.log CATALINA_HOME :                    C:\Program Files\Apache Software Foundation\Tomcat 9.0
05-Mar-2025 15:50:39.312 INFO [main] org.apache.catalina.startup.VersionLoggerListener.log Argument de la ligne de commande : --add-opens=java.base/java.lang=ALL-UNNAMED
05-Mar-2025 15:50:39.312 INFO [main] org.apache.catalina.startup.VersionLoggerListener.log Argument de la ligne de commande : --add-opens=java.base/java.io=ALL-UNNAMED
05-Mar-2025 15:50:39.312 INFO [main] org.apache.catalina.startup.VersionLoggerListener.log Argument de la ligne de commande : --add-opens=java.base/java.util=ALL-UNNAMED
05-Mar-2025 15:50:39.312 INFO [main] org.apache.catalina.startup.VersionLoggerListener.log Argument de la ligne de commande : --add-opens=java.base/java.util.concurrent=ALL-UNNAMED
05-Mar-2025 15:50:39.312 INFO [main] org.apache.catalina.startup.VersionLoggerListener.log Argument de la ligne de commande : --add-opens=java.rmi/sun.rmi.transport=ALL-UNNAMED
05-Mar-2025 15:50:39.312 INFO [main] org.apache.catalina.startup.VersionLoggerListener.log Argument de la ligne de commande : -Dcatalina.home=C:\Program Files\Apache Software Foundation\Tomcat 9.0
05-Mar-2025 15:50:39.312 INFO [main] org.apache.catalina.startup.VersionLoggerListener.log Argument de la ligne de commande : -Dcatalina.base=C:\Users\enaa-\Desktop\JobConnect
05-Mar-2025 15:50:39.312 INFO [main] org.apache.catalina.startup.VersionLoggerListener.log Argument de la ligne de commande : -Djava.io.tmpdir=C:\Users\enaa-\Desktop\JobConnect\temp
05-Mar-2025 15:50:39.312 INFO [main] org.apache.catalina.startup.VersionLoggerListener.log Argument de la ligne de commande : -Djava.util.logging.config.file=C:\Users\enaa-\Desktop\JobConnect\conf\logging.properties
05-Mar-2025 15:50:39.312 INFO [main] org.apache.catalina.startup.VersionLoggerListener.log Argument de la ligne de commande : -Djava.util.logging.manager=org.apache.juli.ClassLoaderLogManager
05-Mar-2025 15:50:39.313 INFO [main] org.apache.catalina.startup.VersionLoggerListener.log Argument de la ligne de commande : -javaagent:C:\Program Files\JetBrains\IntelliJ IDEA Community Edition 2024.3.1\lib\idea_rt.jar=62607:C:\Program Files\JetBrains\IntelliJ IDEA Community Edition 2024.3.1\bin
05-Mar-2025 15:50:39.313 INFO [main] org.apache.catalina.startup.VersionLoggerListener.log Argument de la ligne de commande : -Dfile.encoding=UTF-8
05-Mar-2025 15:50:39.313 INFO [main] org.apache.catalina.startup.VersionLoggerListener.log Argument de la ligne de commande : -Dsun.stdout.encoding=UTF-8
05-Mar-2025 15:50:39.313 INFO [main] org.apache.catalina.startup.VersionLoggerListener.log Argument de la ligne de commande : -Dsun.stderr.encoding=UTF-8
05-Mar-2025 15:50:39.317 INFO [main] org.apache.catalina.core.AprLifecycleListener.lifecycleEvent La librairie Apache Tomcat Native basée sur APR qui permet des performances optimales dans les environnements de production n'a pas été trouvée sur le java.library.path : [C:\Users\enaa-\.jdks\openjdk-23.0.2\bin;C:\WINDOWS\Sun\Java\bin;C:\WINDOWS\system32;C:\WINDOWS;C:\Program Files\Common Files\Oracle\Java\javapath;C:\Program Files (x86)\Common Files\Oracle\Java\java8path;C:\Program Files (x86)\Common Files\Oracle\Java\javapath;C:\WINDOWS\system32;C:\WINDOWS;C:\WINDOWS\System32\Wbem;C:\WINDOWS\System32\WindowsPowerShell\v1.0\;C:\WINDOWS\System32\OpenSSH\;C:\Program Files\Git\cmd;C:\Program Files\Java\jdk-23\bin;C:\Users\enaa-\AppData\Local\Microsoft\WindowsApps;C:\Users\enaa-\AppData\Local\Programs\Microsoft VS Code\bin;.]
05-Mar-2025 15:50:39.694 INFO [main] org.apache.coyote.AbstractProtocol.init Initialisation du gestionnaire de protocole ["http-nio-8080"]
05-Mar-2025 15:50:39.709 INFO [main] org.apache.catalina.startup.Catalina.load L'initialisation du serveur a pris [699] millisecondes
05-Mar-2025 15:50:39.764 INFO [main] org.apache.catalina.core.StandardService.startInternal Démarrage du service [Catalina]
05-Mar-2025 15:50:39.764 INFO [main] org.apache.catalina.core.StandardEngine.startInternal Démarrage du moteur de Servlets : [Apache Tomcat/9.0.99]
05-Mar-2025 15:50:39.774 INFO [main] org.apache.catalina.startup.HostConfig.deployDescriptor Déploiement du descripteur de configuration [C:\Users\enaa-\Desktop\JobConnect\conf\Catalina\localhost\JobConnect.xml]
05-Mar-2025 15:50:40.836 INFO [main] org.apache.jasper.servlet.TldScanner.scanJars Au moins un fichier JAR a été analysé pour trouver des TLDs mais il n'en contenait pas, le mode "debug" du journal peut être activé pour obtenir une liste complète de JAR scannés sans succès ; éviter d'analyser des JARs inutilement peut améliorer sensiblement le temps de démarrage et le temps de compilation des JSPs
05-Mar-2025 15:50:40.911 INFO [main] org.apache.catalina.startup.HostConfig.deployDescriptor Le traitement du descripteur de déploiement [C:\Users\enaa-\Desktop\JobConnect\conf\Catalina\localhost\JobConnect.xml] a pris [1 134] ms
05-Mar-2025 15:50:40.915 INFO [main] org.apache.coyote.AbstractProtocol.start Démarrage du gestionnaire de protocole ["http-nio-8080"]
05-Mar-2025 15:50:40.936 INFO [main] org.apache.catalina.startup.Catalina.start Le démarrage du serveur a pris [1226] millisecondes
05-Mar-2025 15:52:45.828 INFO [Thread-1] org.apache.coyote.AbstractProtocol.pause Le gestionnaire de protocole ["http-nio-8080"] est mis en pause
05-Mar-2025 15:52:45.830 INFO [Thread-1] org.apache.catalina.core.StandardService.stopInternal Arrêt du service [Catalina]
05-Mar-2025 15:52:45.846 INFO [Thread-1] org.apache.coyote.AbstractProtocol.stop Arrêt du gestionnaire de protocole ["http-nio-8080"]
05-Mar-2025 15:52:45.867 INFO [Thread-1] org.apache.coyote.AbstractProtocol.destroy Destruction du gestionnaire de protocole ["http-nio-8080"]
05-Mar-2025 15:52:49.925 INFO [main] org.apache.catalina.startup.VersionLoggerListener.log Nom version serveur :              Apache Tomcat/9.0.99
05-Mar-2025 15:52:49.929 INFO [main] org.apache.catalina.startup.VersionLoggerListener.log Serveur compilé :                  Feb 4 2025 20:08:08 UTC
05-Mar-2025 15:52:49.930 INFO [main] org.apache.catalina.startup.VersionLoggerListener.log Version du serveur :               9.0.99.0
05-Mar-2025 15:52:49.930 INFO [main] org.apache.catalina.startup.VersionLoggerListener.log Nom de l'OS :                      Windows 11
05-Mar-2025 15:52:49.930 INFO [main] org.apache.catalina.startup.VersionLoggerListener.log Version OS :                       10.0
05-Mar-2025 15:52:49.930 INFO [main] org.apache.catalina.startup.VersionLoggerListener.log Architecture :                     amd64
05-Mar-2025 15:52:49.930 INFO [main] org.apache.catalina.startup.VersionLoggerListener.log Java Home :                        C:\Users\enaa-\.jdks\openjdk-23.0.2
05-Mar-2025 15:52:49.930 INFO [main] org.apache.catalina.startup.VersionLoggerListener.log Version JVM :                      23.0.2+7-58
05-Mar-2025 15:52:49.931 INFO [main] org.apache.catalina.startup.VersionLoggerListener.log Fournisseur de la JVM :            Oracle Corporation
05-Mar-2025 15:52:49.931 INFO [main] org.apache.catalina.startup.VersionLoggerListener.log CATALINA_BASE :                    C:\Users\enaa-\Desktop\JobConnect
05-Mar-2025 15:52:49.931 INFO [main] org.apache.catalina.startup.VersionLoggerListener.log CATALINA_HOME :                    C:\Program Files\Apache Software Foundation\Tomcat 9.0
05-Mar-2025 15:52:49.938 INFO [main] org.apache.catalina.startup.VersionLoggerListener.log Argument de la ligne de commande : --add-opens=java.base/java.lang=ALL-UNNAMED
05-Mar-2025 15:52:49.938 INFO [main] org.apache.catalina.startup.VersionLoggerListener.log Argument de la ligne de commande : --add-opens=java.base/java.io=ALL-UNNAMED
05-Mar-2025 15:52:49.939 INFO [main] org.apache.catalina.startup.VersionLoggerListener.log Argument de la ligne de commande : --add-opens=java.base/java.util=ALL-UNNAMED
05-Mar-2025 15:52:49.939 INFO [main] org.apache.catalina.startup.VersionLoggerListener.log Argument de la ligne de commande : --add-opens=java.base/java.util.concurrent=ALL-UNNAMED
05-Mar-2025 15:52:49.939 INFO [main] org.apache.catalina.startup.VersionLoggerListener.log Argument de la ligne de commande : --add-opens=java.rmi/sun.rmi.transport=ALL-UNNAMED
05-Mar-2025 15:52:49.939 INFO [main] org.apache.catalina.startup.VersionLoggerListener.log Argument de la ligne de commande : -Dcatalina.home=C:\Program Files\Apache Software Foundation\Tomcat 9.0
05-Mar-2025 15:52:49.939 INFO [main] org.apache.catalina.startup.VersionLoggerListener.log Argument de la ligne de commande : -Dcatalina.base=C:\Users\enaa-\Desktop\JobConnect
05-Mar-2025 15:52:49.939 INFO [main] org.apache.catalina.startup.VersionLoggerListener.log Argument de la ligne de commande : -Djava.io.tmpdir=C:\Users\enaa-\Desktop\JobConnect\temp
05-Mar-2025 15:52:49.939 INFO [main] org.apache.catalina.startup.VersionLoggerListener.log Argument de la ligne de commande : -Djava.util.logging.config.file=C:\Users\enaa-\Desktop\JobConnect\conf\logging.properties
05-Mar-2025 15:52:49.939 INFO [main] org.apache.catalina.startup.VersionLoggerListener.log Argument de la ligne de commande : -Djava.util.logging.manager=org.apache.juli.ClassLoaderLogManager
05-Mar-2025 15:52:49.939 INFO [main] org.apache.catalina.startup.VersionLoggerListener.log Argument de la ligne de commande : -javaagent:C:\Program Files\JetBrains\IntelliJ IDEA Community Edition 2024.3.1\lib\idea_rt.jar=62642:C:\Program Files\JetBrains\IntelliJ IDEA Community Edition 2024.3.1\bin
05-Mar-2025 15:52:49.939 INFO [main] org.apache.catalina.startup.VersionLoggerListener.log Argument de la ligne de commande : -Dfile.encoding=UTF-8
05-Mar-2025 15:52:49.939 INFO [main] org.apache.catalina.startup.VersionLoggerListener.log Argument de la ligne de commande : -Dsun.stdout.encoding=UTF-8
05-Mar-2025 15:52:49.939 INFO [main] org.apache.catalina.startup.VersionLoggerListener.log Argument de la ligne de commande : -Dsun.stderr.encoding=UTF-8
05-Mar-2025 15:52:49.942 INFO [main] org.apache.catalina.core.AprLifecycleListener.lifecycleEvent La librairie Apache Tomcat Native basée sur APR qui permet des performances optimales dans les environnements de production n'a pas été trouvée sur le java.library.path : [C:\Users\enaa-\.jdks\openjdk-23.0.2\bin;C:\WINDOWS\Sun\Java\bin;C:\WINDOWS\system32;C:\WINDOWS;C:\Program Files\Common Files\Oracle\Java\javapath;C:\Program Files (x86)\Common Files\Oracle\Java\java8path;C:\Program Files (x86)\Common Files\Oracle\Java\javapath;C:\WINDOWS\system32;C:\WINDOWS;C:\WINDOWS\System32\Wbem;C:\WINDOWS\System32\WindowsPowerShell\v1.0\;C:\WINDOWS\System32\OpenSSH\;C:\Program Files\Git\cmd;C:\Program Files\Java\jdk-23\bin;C:\Users\enaa-\AppData\Local\Microsoft\WindowsApps;C:\Users\enaa-\AppData\Local\Programs\Microsoft VS Code\bin;.]
05-Mar-2025 15:52:50.267 INFO [main] org.apache.coyote.AbstractProtocol.init Initialisation du gestionnaire de protocole ["http-nio-8080"]
05-Mar-2025 15:52:50.281 INFO [main] org.apache.catalina.startup.Catalina.load L'initialisation du serveur a pris [569] millisecondes
05-Mar-2025 15:52:50.352 INFO [main] org.apache.catalina.core.StandardService.startInternal Démarrage du service [Catalina]
05-Mar-2025 15:52:50.352 INFO [main] org.apache.catalina.core.StandardEngine.startInternal Démarrage du moteur de Servlets : [Apache Tomcat/9.0.99]
05-Mar-2025 15:52:50.365 INFO [main] org.apache.catalina.startup.HostConfig.deployDescriptor Déploiement du descripteur de configuration [C:\Users\enaa-\Desktop\JobConnect\conf\Catalina\localhost\JobConnect.xml]
05-Mar-2025 15:52:51.359 INFO [main] org.apache.jasper.servlet.TldScanner.scanJars Au moins un fichier JAR a été analysé pour trouver des TLDs mais il n'en contenait pas, le mode "debug" du journal peut être activé pour obtenir une liste complète de JAR scannés sans succès ; éviter d'analyser des JARs inutilement peut améliorer sensiblement le temps de démarrage et le temps de compilation des JSPs
05-Mar-2025 15:52:51.447 INFO [main] org.apache.catalina.startup.HostConfig.deployDescriptor Le traitement du descripteur de déploiement [C:\Users\enaa-\Desktop\JobConnect\conf\Catalina\localhost\JobConnect.xml] a pris [1 080] ms
05-Mar-2025 15:52:51.450 INFO [main] org.apache.coyote.AbstractProtocol.start Démarrage du gestionnaire de protocole ["http-nio-8080"]
05-Mar-2025 15:52:51.466 INFO [main] org.apache.catalina.startup.Catalina.start Le démarrage du serveur a pris [1183] millisecondes
